<?xml version="1.0" encoding="UTF-8"?>
<!-- Generated by org.testng.reporters.JUnitReportReporter -->
<testsuite hostname="DESKTOP-7CI4QM4" failures="0" tests="2" name="UI.TESTNG" time="0.095" errors="0" timestamp="2022-11-01T13:28:08 PKT" skipped="0">
  <testcase classname="UI.TESTNG" name="Test1" time="0.019"/>
  <system-out/>
  <testcase classname="UI.TESTNG" name="Test2" time="0.076"/>
  <system-out/>
</testsuite> <!-- UI.TESTNG -->
